Magma V2.23-4     Tue Oct 13 2020 22:58:45 on magma-a12-35 [Seed = 3862932644]
Type ? for help.  Type <Ctrl>-D to quit.

Loading file "gen_codes_sss_3_1_4b.m"
Irreducible Polynomial P<X> =  X^4 + X + 1

--------------------- Random test on (3, 1)-SSS -----------------------
j, k =  1 2
Dimension:  2
WD orig D (word):  [ <0, 1>, <3, 15> ]
WD dual D (word):  [ <0, 1>, <2, 45>, <3, 210> ]
WD dual D  (bit):  [ <0, 1>, <2, 8>, <3, 10>, <4, 28>, <5, 50>, <6, 50>, <7, 62>, <8, 35>, <9, 6>, <10, 6> ]
j, k =  1 3
Dimension:  2
WD orig D (word):  [ <0, 1>, <3, 15> ]
WD dual D (word):  [ <0, 1>, <2, 45>, <3, 210> ]
WD dual D  (bit):  [ <0, 1>, <2, 6>, <3, 14>, <4, 22>, <5, 52>, <6, 64>, <7, 48>, <8, 33>, <9, 12>, <10, 2>, <11, 2> ]
j, k =  1 4
Dimension:  2
WD orig D (word):  [ <0, 1>, <3, 15> ]
WD dual D (word):  [ <0, 1>, <2, 45>, <3, 210> ]
WD dual D  (bit):  [ <0, 1>, <2, 4>, <3, 16>, <4, 23>, <5, 48>, <6, 72>, <7, 48>, <8, 23>, <9, 16>, <10, 4>, <12, 1> ]
j, k =  1 5
Dimension:  2
WD orig D (word):  [ <0, 1>, <3, 15> ]
WD dual D (word):  [ <0, 1>, <2, 45>, <3, 210> ]
WD dual D  (bit):  [ <0, 1>, <2, 3>, <3, 15>, <4, 28>, <5, 50>, <6, 64>, <7, 48>, <8, 27>, <9, 14>, <10, 5>, <11, 1> ]
j, k =  1 6
Dimension:  2
WD orig D (word):  [ <0, 1>, <3, 15> ]
WD dual D (word):  [ <0, 1>, <2, 45>, <3, 210> ]
WD dual D  (bit):  [ <0, 1>, <2, 3>, <3, 15>, <4, 28>, <5, 50>, <6, 64>, <7, 48>, <8, 27>, <9, 14>, <10, 5>, <11, 1> ]
j, k =  1 7
Dimension:  2
WD orig D (word):  [ <0, 1>, <3, 15> ]
WD dual D (word):  [ <0, 1>, <2, 45>, <3, 210> ]
WD dual D  (bit):  [ <0, 1>, <2, 3>, <3, 15>, <4, 28>, <5, 50>, <6, 64>, <7, 48>, <8, 27>, <9, 14>, <10, 5>, <11, 1> ]
j, k =  1 8
Dimension:  2
WD orig D (word):  [ <0, 1>, <3, 15> ]
WD dual D (word):  [ <0, 1>, <2, 45>, <3, 210> ]
WD dual D  (bit):  [ <0, 1>, <2, 3>, <3, 14>, <4, 30>, <5, 52>, <6, 58>, <7, 48>, <8, 33>, <9, 12>, <10, 3>, <11, 2> ]
j, k =  1 9
Dimension:  2
WD orig D (word):  [ <0, 1>, <3, 15> ]
WD dual D (word):  [ <0, 1>, <2, 45>, <3, 210> ]
WD dual D  (bit):  [ <0, 1>, <2, 3>, <3, 13>, <4, 30>, <5, 56>, <6, 58>, <7, 42>, <8, 33>, <9, 16>, <10, 3>, <11, 1> ]
j, k =  1 10
Dimension:  2
WD orig D (word):  [ <0, 1>, <3, 15> ]
WD dual D (word):  [ <0, 1>, <2, 45>, <3, 210> ]
WD dual D  (bit):  [ <0, 1>, <2, 3>, <3, 10>, <4, 36>, <5, 58>, <6, 48>, <7, 46>, <8, 35>, <9, 14>, <10, 5> ]
j, k =  1 11
Dimension:  2
WD orig D (word):  [ <0, 1>, <3, 15> ]
WD dual D (word):  [ <0, 1>, <2, 45>, <3, 210> ]
WD dual D  (bit):  [ <0, 1>, <2, 3>, <3, 10>, <4, 36>, <5, 58>, <6, 48>, <7, 46>, <8, 35>, <9, 14>, <10, 5> ]
j, k =  1 12
Dimension:  2
WD orig D (word):  [ <0, 1>, <3, 15> ]
WD dual D (word):  [ <0, 1>, <2, 45>, <3, 210> ]
WD dual D  (bit):  [ <0, 1>, <2, 4>, <3, 12>, <4, 28>, <5, 58>, <6, 58>, <7, 42>, <8, 35>, <9, 14>, <10, 2>, <11, 2> ]
j, k =  1 13
Dimension:  2
WD orig D (word):  [ <0, 1>, <3, 15> ]
WD dual D (word):  [ <0, 1>, <2, 45>, <3, 210> ]
WD dual D  (bit):  [ <0, 1>, <2, 6>, <3, 12>, <4, 26>, <5, 52>, <6, 60>, <7, 52>, <8, 29>, <9, 12>, <10, 6> ]
j, k =  1 14
Dimension:  2
WD orig D (word):  [ <0, 1>, <3, 15> ]
WD dual D (word):  [ <0, 1>, <2, 45>, <3, 210> ]
WD dual D  (bit):  [ <0, 1>, <2, 8>, <3, 10>, <4, 28>, <5, 50>, <6, 50>, <7, 62>, <8, 35>, <9, 6>, <10, 6> ]
j, k =  2 3
Dimension:  2
WD orig D (word):  [ <0, 1>, <3, 15> ]
WD dual D (word):  [ <0, 1>, <2, 45>, <3, 210> ]
WD dual D  (bit):  [ <0, 1>, <2, 6>, <3, 12>, <4, 26>, <5, 52>, <6, 60>, <7, 52>, <8, 29>, <9, 12>, <10, 6> ]
j, k =  2 4
Dimension:  2
WD orig D (word):  [ <0, 1>, <3, 15> ]
WD dual D (word):  [ <0, 1>, <2, 45>, <3, 210> ]
WD dual D  (bit):  [ <0, 1>, <2, 4>, <3, 14>, <4, 26>, <5, 52>, <6, 64>, <7, 48>, <8, 29>, <9, 12>, <10, 4>, <11, 2> ]
j, k =  2 5
Dimension:  2
WD orig D (word):  [ <0, 1>, <3, 15> ]
WD dual D (word):  [ <0, 1>, <2, 45>, <3, 210> ]
WD dual D  (bit):  [ <0, 1>, <2, 3>, <3, 15>, <4, 28>, <5, 50>, <6, 64>, <7, 48>, <8, 27>, <9, 14>, <10, 5>, <11, 1> ]
j, k =  2 6
Dimension:  2
WD orig D (word):  [ <0, 1>, <3, 15> ]
WD dual D (word):  [ <0, 1>, <2, 45>, <3, 210> ]
WD dual D  (bit):  [ <0, 1>, <2, 2>, <3, 16>, <4, 30>, <5, 48>, <6, 64>, <7, 48>, <8, 25>, <9, 16>, <10, 6> ]
j, k =  2 7
Dimension:  2
WD orig D (word):  [ <0, 1>, <3, 15> ]
WD dual D (word):  [ <0, 1>, <2, 45>, <3, 210> ]
WD dual D  (bit):  [ <0, 1>, <2, 2>, <3, 15>, <4, 32>, <5, 50>, <6, 58>, <7, 48>, <8, 31>, <9, 14>, <10, 4>, <11, 1> ]
j, k =  2 8
Dimension:  2
WD orig D (word):  [ <0, 1>, <3, 15> ]
WD dual D (word):  [ <0, 1>, <2, 45>, <3, 210> ]
WD dual D  (bit):  [ <0, 1>, <2, 2>, <3, 16>, <4, 31>, <5, 48>, <6, 60>, <7, 48>, <8, 31>, <9, 16>, <10, 2>, <12, 1> ]
j, k =  2 9
Dimension:  2
WD orig D (word):  [ <0, 1>, <3, 15> ]
WD dual D (word):  [ <0, 1>, <2, 45>, <3, 210> ]
WD dual D  (bit):  [ <0, 1>, <2, 2>, <3, 15>, <4, 32>, <5, 50>, <6, 58>, <7, 48>, <8, 31>, <9, 14>, <10, 4>, <11, 1> ]
j, k =  2 10
Dimension:  2
WD orig D (word):  [ <0, 1>, <3, 15> ]
WD dual D (word):  [ <0, 1>, <2, 45>, <3, 210> ]
WD dual D  (bit):  [ <0, 1>, <2, 2>, <3, 13>, <4, 34>, <5, 56>, <6, 52>, <7, 42>, <8, 37>, <9, 16>, <10, 2>, <11, 1> ]
j, k =  2 11
Dimension:  2
WD orig D (word):  [ <0, 1>, <3, 15> ]
WD dual D (word):  [ <0, 1>, <2, 45>, <3, 210> ]
WD dual D  (bit):  [ <0, 1>, <2, 2>, <3, 13>, <4, 34>, <5, 56>, <6, 52>, <7, 42>, <8, 37>, <9, 16>, <10, 2>, <11, 1> ]
j, k =  2 12
Dimension:  2
WD orig D (word):  [ <0, 1>, <3, 15> ]
WD dual D (word):  [ <0, 1>, <2, 45>, <3, 210> ]
WD dual D  (bit):  [ <0, 1>, <2, 3>, <3, 12>, <4, 34>, <5, 52>, <6, 54>, <7, 52>, <8, 29>, <9, 12>, <10, 7> ]
j, k =  2 13
Dimension:  2
WD orig D (word):  [ <0, 1>, <3, 15> ]
WD dual D (word):  [ <0, 1>, <2, 45>, <3, 210> ]
WD dual D  (bit):  [ <0, 1>, <2, 4>, <3, 14>, <4, 26>, <5, 52>, <6, 64>, <7, 48>, <8, 29>, <9, 12>, <10, 4>, <11, 2> ]
j, k =  2 14
Dimension:  2
WD orig D (word):  [ <0, 1>, <3, 15> ]
WD dual D (word):  [ <0, 1>, <2, 45>, <3, 210> ]
WD dual D  (bit):  [ <0, 1>, <2, 6>, <3, 14>, <4, 22>, <5, 52>, <6, 64>, <7, 48>, <8, 33>, <9, 12>, <10, 2>, <11, 2> ]
j, k =  3 4
Dimension:  2
WD orig D (word):  [ <0, 1>, <3, 15> ]
WD dual D (word):  [ <0, 1>, <2, 45>, <3, 210> ]
WD dual D  (bit):  [ <0, 1>, <2, 4>, <3, 12>, <4, 28>, <5, 58>, <6, 58>, <7, 42>, <8, 35>, <9, 14>, <10, 2>, <11, 2> ]
j, k =  3 5
Dimension:  2
WD orig D (word):  [ <0, 1>, <3, 15> ]
WD dual D (word):  [ <0, 1>, <2, 45>, <3, 210> ]
WD dual D  (bit):  [ <0, 1>, <2, 3>, <3, 12>, <4, 34>, <5, 52>, <6, 54>, <7, 52>, <8, 29>, <9, 12>, <10, 7> ]
j, k =  3 6
Dimension:  2
WD orig D (word):  [ <0, 1>, <3, 15> ]
WD dual D (word):  [ <0, 1>, <2, 45>, <3, 210> ]
WD dual D  (bit):  [ <0, 1>, <2, 2>, <3, 15>, <4, 32>, <5, 50>, <6, 58>, <7, 48>, <8, 31>, <9, 14>, <10, 4>, <11, 1> ]
j, k =  3 7
Dimension:  2
WD orig D (word):  [ <0, 1>, <3, 15> ]
WD dual D (word):  [ <0, 1>, <2, 45>, <3, 210> ]
WD dual D  (bit):  [ <0, 1>, <2, 1>, <3, 16>, <4, 34>, <5, 48>, <6, 58>, <7, 48>, <8, 29>, <9, 16>, <10, 5> ]
j, k =  3 8
Dimension:  2
WD orig D (word):  [ <0, 1>, <3, 15> ]
WD dual D (word):  [ <0, 1>, <2, 45>, <3, 210> ]
WD dual D  (bit):  [ <0, 1>, <2, 1>, <3, 16>, <4, 36>, <5, 46>, <6, 52>, <7, 54>, <8, 35>, <9, 10>, <10, 3>, <11, 2> ]
j, k =  3 9
Dimension:  2
WD orig D (word):  [ <0, 1>, <3, 15> ]
WD dual D (word):  [ <0, 1>, <2, 45>, <3, 210> ]
WD dual D  (bit):  [ <0, 1>, <2, 1>, <3, 17>, <4, 34>, <5, 44>, <6, 58>, <7, 54>, <8, 29>, <9, 12>, <10, 5>, <11, 1> ]
j, k =  3 10
Dimension:  2
WD orig D (word):  [ <0, 1>, <3, 15> ]
WD dual D (word):  [ <0, 1>, <2, 45>, <3, 210> ]
WD dual D  (bit):  [ <0, 1>, <2, 1>, <3, 16>, <4, 34>, <5, 48>, <6, 58>, <7, 48>, <8, 29>, <9, 16>, <10, 5> ]
j, k =  3 11
Dimension:  2
WD orig D (word):  [ <0, 1>, <3, 15> ]
WD dual D (word):  [ <0, 1>, <2, 45>, <3, 210> ]
WD dual D  (bit):  [ <0, 1>, <2, 1>, <3, 16>, <4, 34>, <5, 48>, <6, 58>, <7, 48>, <8, 29>, <9, 16>, <10, 5> ]
j, k =  3 12
Dimension:  2
WD orig D (word):  [ <0, 1>, <3, 15> ]
WD dual D (word):  [ <0, 1>, <2, 45>, <3, 210> ]
WD dual D  (bit):  [ <0, 1>, <2, 2>, <3, 15>, <4, 32>, <5, 50>, <6, 58>, <7, 48>, <8, 31>, <9, 14>, <10, 4>, <11, 1> ]
j, k =  3 13
Dimension:  2
WD orig D (word):  [ <0, 1>, <3, 15> ]
WD dual D (word):  [ <0, 1>, <2, 45>, <3, 210> ]
WD dual D  (bit):  [ <0, 1>, <2, 3>, <3, 15>, <4, 28>, <5, 50>, <6, 64>, <7, 48>, <8, 27>, <9, 14>, <10, 5>, <11, 1> ]
j, k =  3 14
Dimension:  2
WD orig D (word):  [ <0, 1>, <3, 15> ]
WD dual D (word):  [ <0, 1>, <2, 45>, <3, 210> ]
WD dual D  (bit):  [ <0, 1>, <2, 4>, <3, 16>, <4, 23>, <5, 48>, <6, 72>, <7, 48>, <8, 23>, <9, 16>, <10, 4>, <12, 1> ]
j, k =  4 5
Dimension:  2
WD orig D (word):  [ <0, 1>, <3, 15> ]
WD dual D (word):  [ <0, 1>, <2, 45>, <3, 210> ]
WD dual D  (bit):  [ <0, 1>, <2, 3>, <3, 10>, <4, 36>, <5, 58>, <6, 48>, <7, 46>, <8, 35>, <9, 14>, <10, 5> ]
j, k =  4 6
Dimension:  2
WD orig D (word):  [ <0, 1>, <3, 15> ]
WD dual D (word):  [ <0, 1>, <2, 45>, <3, 210> ]
WD dual D  (bit):  [ <0, 1>, <2, 2>, <3, 13>, <4, 34>, <5, 56>, <6, 52>, <7, 42>, <8, 37>, <9, 16>, <10, 2>, <11, 1> ]
j, k =  4 7
Dimension:  2
WD orig D (word):  [ <0, 1>, <3, 15> ]
WD dual D (word):  [ <0, 1>, <2, 45>, <3, 210> ]
WD dual D  (bit):  [ <0, 1>, <2, 1>, <3, 16>, <4, 34>, <5, 48>, <6, 58>, <7, 48>, <8, 29>, <9, 16>, <10, 5> ]
j, k =  4 8
Dimension:  2
WD orig D (word):  [ <0, 1>, <3, 15> ]
WD dual D (word):  [ <0, 1>, <2, 45>, <3, 210> ]
WD dual D  (bit):  [ <0, 1>, <3, 17>, <4, 38>, <5, 44>, <6, 52>, <7, 54>, <8, 33>, <9, 12>, <10, 4>, <11, 1> ]
j, k =  4 9
Dimension:  2
WD orig D (word):  [ <0, 1>, <3, 15> ]
WD dual D (word):  [ <0, 1>, <2, 45>, <3, 210> ]
WD dual D  (bit):  [ <0, 1>, <3, 17>, <4, 38>, <5, 44>, <6, 52>, <7, 54>, <8, 33>, <9, 12>, <10, 4>, <11, 1> ]
j, k =  4 10
Dimension:  2
WD orig D (word):  [ <0, 1>, <3, 15> ]
WD dual D (word):  [ <0, 1>, <2, 45>, <3, 210> ]
WD dual D  (bit):  [ <0, 1>, <3, 17>, <4, 38>, <5, 44>, <6, 52>, <7, 54>, <8, 33>, <9, 12>, <10, 4>, <11, 1> ]
j, k =  4 11
Dimension:  2
WD orig D (word):  [ <0, 1>, <3, 15> ]
WD dual D (word):  [ <0, 1>, <2, 45>, <3, 210> ]
WD dual D  (bit):  [ <0, 1>, <3, 17>, <4, 38>, <5, 44>, <6, 52>, <7, 54>, <8, 33>, <9, 12>, <10, 4>, <11, 1> ]
j, k =  4 12
Dimension:  2
WD orig D (word):  [ <0, 1>, <3, 15> ]
WD dual D (word):  [ <0, 1>, <2, 45>, <3, 210> ]
WD dual D  (bit):  [ <0, 1>, <2, 1>, <3, 16>, <4, 34>, <5, 48>, <6, 58>, <7, 48>, <8, 29>, <9, 16>, <10, 5> ]
j, k =  4 13
Dimension:  2
WD orig D (word):  [ <0, 1>, <3, 15> ]
WD dual D (word):  [ <0, 1>, <2, 45>, <3, 210> ]
WD dual D  (bit):  [ <0, 1>, <2, 2>, <3, 16>, <4, 30>, <5, 48>, <6, 64>, <7, 48>, <8, 25>, <9, 16>, <10, 6> ]
j, k =  4 14
Dimension:  2
WD orig D (word):  [ <0, 1>, <3, 15> ]
WD dual D (word):  [ <0, 1>, <2, 45>, <3, 210> ]
WD dual D  (bit):  [ <0, 1>, <2, 3>, <3, 15>, <4, 28>, <5, 50>, <6, 64>, <7, 48>, <8, 27>, <9, 14>, <10, 5>, <11, 1> ]
j, k =  5 6
Dimension:  2
WD orig D (word):  [ <0, 1>, <3, 15> ]
WD dual D (word):  [ <0, 1>, <2, 45>, <3, 210> ]
WD dual D  (bit):  [ <0, 1>, <2, 3>, <3, 10>, <4, 36>, <5, 58>, <6, 48>, <7, 46>, <8, 35>, <9, 14>, <10, 5> ]
j, k =  5 7
Dimension:  2
WD orig D (word):  [ <0, 1>, <3, 15> ]
WD dual D (word):  [ <0, 1>, <2, 45>, <3, 210> ]
WD dual D  (bit):  [ <0, 1>, <2, 2>, <3, 13>, <4, 34>, <5, 56>, <6, 52>, <7, 42>, <8, 37>, <9, 16>, <10, 2>, <11, 1> ]
j, k =  5 8
Dimension:  2
WD orig D (word):  [ <0, 1>, <3, 15> ]
WD dual D (word):  [ <0, 1>, <2, 45>, <3, 210> ]
WD dual D  (bit):  [ <0, 1>, <2, 1>, <3, 16>, <4, 34>, <5, 48>, <6, 58>, <7, 48>, <8, 29>, <9, 16>, <10, 5> ]
j, k =  5 9
Dimension:  2
WD orig D (word):  [ <0, 1>, <3, 15> ]
WD dual D (word):  [ <0, 1>, <2, 45>, <3, 210> ]
WD dual D  (bit):  [ <0, 1>, <3, 17>, <4, 38>, <5, 44>, <6, 52>, <7, 54>, <8, 33>, <9, 12>, <10, 4>, <11, 1> ]
j, k =  5 10
Dimension:  2
WD orig D (word):  [ <0, 1>, <3, 15> ]
WD dual D (word):  [ <0, 1>, <2, 45>, <3, 210> ]
WD dual D  (bit):  [ <0, 1>, <3, 16>, <4, 39>, <5, 48>, <6, 48>, <7, 48>, <8, 39>, <9, 16>, <12, 1> ]
j, k =  5 11
Dimension:  2
WD orig D (word):  [ <0, 1>, <3, 15> ]
WD dual D (word):  [ <0, 1>, <2, 45>, <3, 210> ]
WD dual D  (bit):  [ <0, 1>, <3, 17>, <4, 38>, <5, 44>, <6, 52>, <7, 54>, <8, 33>, <9, 12>, <10, 4>, <11, 1> ]
j, k =  5 12
Dimension:  2
WD orig D (word):  [ <0, 1>, <3, 15> ]
WD dual D (word):  [ <0, 1>, <2, 45>, <3, 210> ]
WD dual D  (bit):  [ <0, 1>, <2, 1>, <3, 16>, <4, 36>, <5, 46>, <6, 52>, <7, 54>, <8, 35>, <9, 10>, <10, 3>, <11, 2> ]
j, k =  5 13
Dimension:  2
WD orig D (word):  [ <0, 1>, <3, 15> ]
WD dual D (word):  [ <0, 1>, <2, 45>, <3, 210> ]
WD dual D  (bit):  [ <0, 1>, <2, 2>, <3, 15>, <4, 32>, <5, 50>, <6, 58>, <7, 48>, <8, 31>, <9, 14>, <10, 4>, <11, 1> ]
j, k =  5 14
Dimension:  2
WD orig D (word):  [ <0, 1>, <3, 15> ]
WD dual D (word):  [ <0, 1>, <2, 45>, <3, 210> ]
WD dual D  (bit):  [ <0, 1>, <2, 3>, <3, 15>, <4, 28>, <5, 50>, <6, 64>, <7, 48>, <8, 27>, <9, 14>, <10, 5>, <11, 1> ]
j, k =  6 7
Dimension:  2
WD orig D (word):  [ <0, 1>, <3, 15> ]
WD dual D (word):  [ <0, 1>, <2, 45>, <3, 210> ]
WD dual D  (bit):  [ <0, 1>, <2, 3>, <3, 13>, <4, 30>, <5, 56>, <6, 58>, <7, 42>, <8, 33>, <9, 16>, <10, 3>, <11, 1> ]
j, k =  6 8
Dimension:  2
WD orig D (word):  [ <0, 1>, <3, 15> ]
WD dual D (word):  [ <0, 1>, <2, 45>, <3, 210> ]
WD dual D  (bit):  [ <0, 1>, <2, 2>, <3, 15>, <4, 32>, <5, 50>, <6, 58>, <7, 48>, <8, 31>, <9, 14>, <10, 4>, <11, 1> ]
j, k =  6 9
Dimension:  2
WD orig D (word):  [ <0, 1>, <3, 15> ]
WD dual D (word):  [ <0, 1>, <2, 45>, <3, 210> ]
WD dual D  (bit):  [ <0, 1>, <2, 1>, <3, 17>, <4, 34>, <5, 44>, <6, 58>, <7, 54>, <8, 29>, <9, 12>, <10, 5>, <11, 1> ]
j, k =  6 10
Dimension:  2
WD orig D (word):  [ <0, 1>, <3, 15> ]
WD dual D (word):  [ <0, 1>, <2, 45>, <3, 210> ]
WD dual D  (bit):  [ <0, 1>, <3, 17>, <4, 38>, <5, 44>, <6, 52>, <7, 54>, <8, 33>, <9, 12>, <10, 4>, <11, 1> ]
j, k =  6 11
Dimension:  2
WD orig D (word):  [ <0, 1>, <3, 15> ]
WD dual D (word):  [ <0, 1>, <2, 45>, <3, 210> ]
WD dual D  (bit):  [ <0, 1>, <3, 17>, <4, 38>, <5, 44>, <6, 52>, <7, 54>, <8, 33>, <9, 12>, <10, 4>, <11, 1> ]
j, k =  6 12
Dimension:  2
WD orig D (word):  [ <0, 1>, <3, 15> ]
WD dual D (word):  [ <0, 1>, <2, 45>, <3, 210> ]
WD dual D  (bit):  [ <0, 1>, <2, 1>, <3, 17>, <4, 34>, <5, 44>, <6, 58>, <7, 54>, <8, 29>, <9, 12>, <10, 5>, <11, 1> ]
j, k =  6 13
Dimension:  2
WD orig D (word):  [ <0, 1>, <3, 15> ]
WD dual D (word):  [ <0, 1>, <2, 45>, <3, 210> ]
WD dual D  (bit):  [ <0, 1>, <2, 2>, <3, 16>, <4, 31>, <5, 48>, <6, 60>, <7, 48>, <8, 31>, <9, 16>, <10, 2>, <12, 1> ]
j, k =  6 14
Dimension:  2
WD orig D (word):  [ <0, 1>, <3, 15> ]
WD dual D (word):  [ <0, 1>, <2, 45>, <3, 210> ]
WD dual D  (bit):  [ <0, 1>, <2, 3>, <3, 15>, <4, 28>, <5, 50>, <6, 64>, <7, 48>, <8, 27>, <9, 14>, <10, 5>, <11, 1> ]
j, k =  7 8
Dimension:  2
WD orig D (word):  [ <0, 1>, <3, 15> ]
WD dual D (word):  [ <0, 1>, <2, 45>, <3, 210> ]
WD dual D  (bit):  [ <0, 1>, <2, 3>, <3, 14>, <4, 30>, <5, 52>, <6, 58>, <7, 48>, <8, 33>, <9, 12>, <10, 3>, <11, 2> ]
j, k =  7 9
Dimension:  2
WD orig D (word):  [ <0, 1>, <3, 15> ]
WD dual D (word):  [ <0, 1>, <2, 45>, <3, 210> ]
WD dual D  (bit):  [ <0, 1>, <2, 2>, <3, 16>, <4, 31>, <5, 48>, <6, 60>, <7, 48>, <8, 31>, <9, 16>, <10, 2>, <12, 1> ]
j, k =  7 10
Dimension:  2
WD orig D (word):  [ <0, 1>, <3, 15> ]
WD dual D (word):  [ <0, 1>, <2, 45>, <3, 210> ]
WD dual D  (bit):  [ <0, 1>, <2, 1>, <3, 16>, <4, 36>, <5, 46>, <6, 52>, <7, 54>, <8, 35>, <9, 10>, <10, 3>, <11, 2> ]
j, k =  7 11
Dimension:  2
WD orig D (word):  [ <0, 1>, <3, 15> ]
WD dual D (word):  [ <0, 1>, <2, 45>, <3, 210> ]
WD dual D  (bit):  [ <0, 1>, <3, 17>, <4, 38>, <5, 44>, <6, 52>, <7, 54>, <8, 33>, <9, 12>, <10, 4>, <11, 1> ]
j, k =  7 12
Dimension:  2
WD orig D (word):  [ <0, 1>, <3, 15> ]
WD dual D (word):  [ <0, 1>, <2, 45>, <3, 210> ]
WD dual D  (bit):  [ <0, 1>, <2, 1>, <3, 16>, <4, 34>, <5, 48>, <6, 58>, <7, 48>, <8, 29>, <9, 16>, <10, 5> ]
j, k =  7 13
Dimension:  2
WD orig D (word):  [ <0, 1>, <3, 15> ]
WD dual D (word):  [ <0, 1>, <2, 45>, <3, 210> ]
WD dual D  (bit):  [ <0, 1>, <2, 2>, <3, 15>, <4, 32>, <5, 50>, <6, 58>, <7, 48>, <8, 31>, <9, 14>, <10, 4>, <11, 1> ]
j, k =  7 14
Dimension:  2
WD orig D (word):  [ <0, 1>, <3, 15> ]
WD dual D (word):  [ <0, 1>, <2, 45>, <3, 210> ]
WD dual D  (bit):  [ <0, 1>, <2, 3>, <3, 14>, <4, 30>, <5, 52>, <6, 58>, <7, 48>, <8, 33>, <9, 12>, <10, 3>, <11, 2> ]
j, k =  8 9
Dimension:  2
WD orig D (word):  [ <0, 1>, <3, 15> ]
WD dual D (word):  [ <0, 1>, <2, 45>, <3, 210> ]
WD dual D  (bit):  [ <0, 1>, <2, 3>, <3, 15>, <4, 28>, <5, 50>, <6, 64>, <7, 48>, <8, 27>, <9, 14>, <10, 5>, <11, 1> ]
j, k =  8 10
Dimension:  2
WD orig D (word):  [ <0, 1>, <3, 15> ]
WD dual D (word):  [ <0, 1>, <2, 45>, <3, 210> ]
WD dual D  (bit):  [ <0, 1>, <2, 2>, <3, 15>, <4, 32>, <5, 50>, <6, 58>, <7, 48>, <8, 31>, <9, 14>, <10, 4>, <11, 1> ]
j, k =  8 11
Dimension:  2
WD orig D (word):  [ <0, 1>, <3, 15> ]
WD dual D (word):  [ <0, 1>, <2, 45>, <3, 210> ]
WD dual D  (bit):  [ <0, 1>, <2, 1>, <3, 16>, <4, 34>, <5, 48>, <6, 58>, <7, 48>, <8, 29>, <9, 16>, <10, 5> ]
j, k =  8 12
Dimension:  2
WD orig D (word):  [ <0, 1>, <3, 15> ]
WD dual D (word):  [ <0, 1>, <2, 45>, <3, 210> ]
WD dual D  (bit):  [ <0, 1>, <2, 1>, <3, 16>, <4, 34>, <5, 48>, <6, 58>, <7, 48>, <8, 29>, <9, 16>, <10, 5> ]
j, k =  8 13
Dimension:  2
WD orig D (word):  [ <0, 1>, <3, 15> ]
WD dual D (word):  [ <0, 1>, <2, 45>, <3, 210> ]
WD dual D  (bit):  [ <0, 1>, <2, 2>, <3, 13>, <4, 34>, <5, 56>, <6, 52>, <7, 42>, <8, 37>, <9, 16>, <10, 2>, <11, 1> ]
j, k =  8 14
Dimension:  2
WD orig D (word):  [ <0, 1>, <3, 15> ]
WD dual D (word):  [ <0, 1>, <2, 45>, <3, 210> ]
WD dual D  (bit):  [ <0, 1>, <2, 3>, <3, 13>, <4, 30>, <5, 56>, <6, 58>, <7, 42>, <8, 33>, <9, 16>, <10, 3>, <11, 1> ]
j, k =  9 10
Dimension:  2
WD orig D (word):  [ <0, 1>, <3, 15> ]
WD dual D (word):  [ <0, 1>, <2, 45>, <3, 210> ]
WD dual D  (bit):  [ <0, 1>, <2, 3>, <3, 15>, <4, 28>, <5, 50>, <6, 64>, <7, 48>, <8, 27>, <9, 14>, <10, 5>, <11, 1> ]
j, k =  9 11
Dimension:  2
WD orig D (word):  [ <0, 1>, <3, 15> ]
WD dual D (word):  [ <0, 1>, <2, 45>, <3, 210> ]
WD dual D  (bit):  [ <0, 1>, <2, 2>, <3, 16>, <4, 30>, <5, 48>, <6, 64>, <7, 48>, <8, 25>, <9, 16>, <10, 6> ]
j, k =  9 12
Dimension:  2
WD orig D (word):  [ <0, 1>, <3, 15> ]
WD dual D (word):  [ <0, 1>, <2, 45>, <3, 210> ]
WD dual D  (bit):  [ <0, 1>, <2, 2>, <3, 15>, <4, 32>, <5, 50>, <6, 58>, <7, 48>, <8, 31>, <9, 14>, <10, 4>, <11, 1> ]
j, k =  9 13
Dimension:  2
WD orig D (word):  [ <0, 1>, <3, 15> ]
WD dual D (word):  [ <0, 1>, <2, 45>, <3, 210> ]
WD dual D  (bit):  [ <0, 1>, <2, 2>, <3, 13>, <4, 34>, <5, 56>, <6, 52>, <7, 42>, <8, 37>, <9, 16>, <10, 2>, <11, 1> ]
j, k =  9 14
Dimension:  2
WD orig D (word):  [ <0, 1>, <3, 15> ]
WD dual D (word):  [ <0, 1>, <2, 45>, <3, 210> ]
WD dual D  (bit):  [ <0, 1>, <2, 3>, <3, 10>, <4, 36>, <5, 58>, <6, 48>, <7, 46>, <8, 35>, <9, 14>, <10, 5> ]
j, k =  10 11
Dimension:  2
WD orig D (word):  [ <0, 1>, <3, 15> ]
WD dual D (word):  [ <0, 1>, <2, 45>, <3, 210> ]
WD dual D  (bit):  [ <0, 1>, <2, 3>, <3, 15>, <4, 28>, <5, 50>, <6, 64>, <7, 48>, <8, 27>, <9, 14>, <10, 5>, <11, 1> ]
j, k =  10 12
Dimension:  2
WD orig D (word):  [ <0, 1>, <3, 15> ]
WD dual D (word):  [ <0, 1>, <2, 45>, <3, 210> ]
WD dual D  (bit):  [ <0, 1>, <2, 3>, <3, 15>, <4, 28>, <5, 50>, <6, 64>, <7, 48>, <8, 27>, <9, 14>, <10, 5>, <11, 1> ]
j, k =  10 13
Dimension:  2
WD orig D (word):  [ <0, 1>, <3, 15> ]
WD dual D (word):  [ <0, 1>, <2, 45>, <3, 210> ]
WD dual D  (bit):  [ <0, 1>, <2, 3>, <3, 12>, <4, 34>, <5, 52>, <6, 54>, <7, 52>, <8, 29>, <9, 12>, <10, 7> ]
j, k =  10 14
Dimension:  2
WD orig D (word):  [ <0, 1>, <3, 15> ]
WD dual D (word):  [ <0, 1>, <2, 45>, <3, 210> ]
WD dual D  (bit):  [ <0, 1>, <2, 3>, <3, 10>, <4, 36>, <5, 58>, <6, 48>, <7, 46>, <8, 35>, <9, 14>, <10, 5> ]
j, k =  11 12
Dimension:  2
WD orig D (word):  [ <0, 1>, <3, 15> ]
WD dual D (word):  [ <0, 1>, <2, 45>, <3, 210> ]
WD dual D  (bit):  [ <0, 1>, <2, 4>, <3, 16>, <4, 23>, <5, 48>, <6, 72>, <7, 48>, <8, 23>, <9, 16>, <10, 4>, <12, 1> ]
j, k =  11 13
Dimension:  2
WD orig D (word):  [ <0, 1>, <3, 15> ]
WD dual D (word):  [ <0, 1>, <2, 45>, <3, 210> ]
WD dual D  (bit):  [ <0, 1>, <2, 4>, <3, 14>, <4, 26>, <5, 52>, <6, 64>, <7, 48>, <8, 29>, <9, 12>, <10, 4>, <11, 2> ]
j, k =  11 14
Dimension:  2
WD orig D (word):  [ <0, 1>, <3, 15> ]
WD dual D (word):  [ <0, 1>, <2, 45>, <3, 210> ]
WD dual D  (bit):  [ <0, 1>, <2, 4>, <3, 12>, <4, 28>, <5, 58>, <6, 58>, <7, 42>, <8, 35>, <9, 14>, <10, 2>, <11, 2> ]
j, k =  12 13
Dimension:  2
WD orig D (word):  [ <0, 1>, <3, 15> ]
WD dual D (word):  [ <0, 1>, <2, 45>, <3, 210> ]
WD dual D  (bit):  [ <0, 1>, <2, 6>, <3, 14>, <4, 22>, <5, 52>, <6, 64>, <7, 48>, <8, 33>, <9, 12>, <10, 2>, <11, 2> ]
j, k =  12 14
Dimension:  2
WD orig D (word):  [ <0, 1>, <3, 15> ]
WD dual D (word):  [ <0, 1>, <2, 45>, <3, 210> ]
WD dual D  (bit):  [ <0, 1>, <2, 6>, <3, 12>, <4, 26>, <5, 52>, <6, 60>, <7, 52>, <8, 29>, <9, 12>, <10, 6> ]
j, k =  13 14
Dimension:  2
WD orig D (word):  [ <0, 1>, <3, 15> ]
WD dual D (word):  [ <0, 1>, <2, 45>, <3, 210> ]
WD dual D  (bit):  [ <0, 1>, <2, 8>, <3, 10>, <4, 28>, <5, 50>, <6, 50>, <7, 62>, <8, 35>, <9, 6>, <10, 6> ]

Total time: 0.430 seconds, Total memory usage: 32.09MB
